d:\code\github\barmanager\x64\debug\vc143.pdb
d:\code\github\barmanager\x64\debug\vc143.idb
d:\code\github\barmanager\x64\debug\run.obj
d:\code\github\barmanager\x64\debug\order.obj
d:\code\github\barmanager\x64\debug\manageuser.obj
d:\code\github\barmanager\x64\debug\managefood.obj
d:\code\github\barmanager\x64\debug\dontedit.obj
d:\code\github\barmanager\x64\debug\ctdl_user.obj
d:\code\github\barmanager\x64\debug\ctdl_food.obj
d:\code\github\barmanager\x64\debug\ctdl_bookprevious.obj
d:\code\github\barmanager\x64\debug\booktablepre.obj
d:\code\github\barmanager\x64\debug\barmanager.obj
d:\code\github\barmanager\x64\debug\barmanager.exe
d:\code\github\barmanager\x64\debug\barmanager.ilk
d:\code\github\barmanager\x64\debug\barmanager.pdb
d:\code\github\barmanager\x64\debug\barmanager.tlog\cl.command.1.tlog
d:\code\github\barmanager\x64\debug\barmanager.tlog\cl.read.1.tlog
d:\code\github\barmanager\x64\debug\barmanager.tlog\cl.write.1.tlog
d:\code\github\barmanager\x64\debug\barmanager.tlog\link.command.1.tlog
d:\code\github\barmanager\x64\debug\barmanager.tlog\link.read.1.tlog
d:\code\github\barmanager\x64\debug\barmanager.tlog\link.write.1.tlog
